# JRE version: Java(TM) SE Runtime Environment (8.0_91-b15) (build 1.8.0_91-b15)
# Java VM: Java HotSpot(TM) 64-Bit Server VM (25.91-b15 mixed mode windows-amd64 compressed oops)
Heap:
 PSYoungGen      total 199680K, used 57966K [0x00000000ed700000, 0x00000000fa500000, 0x0000000100000000)
  eden space 196608K, 29% used [0x00000000ed700000,0x00000000f0f9b960,0x00000000f9700000)
  from space 3072K, 0% used [0x00000000f9700000,0x00000000f9700000,0x00000000f9a00000)
  to   space 7168K, 0% used [0x00000000f9e00000,0x00000000f9e00000,0x00000000fa500000)
 ParOldGen       total 49664K, used 11695K [0x00000000c8400000, 0x00000000cb480000, 0x00000000ed700000)
  object space 49664K, 23% used [0x00000000c8400000,0x00000000c8f6bf58,0x00000000cb480000)
 Metaspace       used 45822K, capacity 49027K, committed 49920K, reserved 1093632K
  class space    used 5154K, capacity 5682K, committed 5888K, reserved 1048576K
GC Heap History (10 events):
Event: 1594.135 GC heap before
{Heap before GC invocations=37 (full 14):
 PSYoungGen      total 199680K, used 2854K [0x00000000ed700000, 0x00000000fa600000, 0x0000000100000000)
  eden space 196608K, 0% used [0x00000000ed700000,0x00000000ed700000,0x00000000f9700000)
  from space 3072K, 92% used [0x00000000f9700000,0x00000000f99c99f8,0x00000000f9a00000)
  to   space 7680K, 0% used [0x00000000f9e80000,0x00000000f9e80000,0x00000000fa600000)
 ParOldGen       total 49664K, used 11902K [0x00000000c8400000, 0x00000000cb480000, 0x00000000ed700000)
  object space 49664K, 23% used [0x00000000c8400000,0x00000000c8f9fa18,0x00000000cb480000)
 Metaspace       used 45722K, capacity 49091K, committed 49280K, reserved 1093632K
  class space    used 5155K, capacity 5712K, committed 5760K, reserved 1048576K
Event: 1594.369 GC heap after
Heap after GC invocations=37 (full 14):
 PSYoungGen      total 199680K, used 0K [0x00000000ed700000, 0x00000000fa600000, 0x0000000100000000)
  eden space 196608K, 0% used [0x00000000ed700000,0x00000000ed700000,0x00000000f9700000)
  from space 3072K, 0% used [0x00000000f9700000,0x00000000f9700000,0x00000000f9a00000)
  to   space 7680K, 0% used [0x00000000f9e80000,0x00000000f9e80000,0x00000000fa600000)
 ParOldGen       total 49664K, used 12000K [0x00000000c8400000, 0x00000000cb480000, 0x00000000ed700000)
  object space 49664K, 24% used [0x00000000c8400000,0x00000000c8fb8090,0x00000000cb480000)
 Metaspace       used 45705K, capacity 49067K, committed 49280K, reserved 1093632K
  class space    used 5154K, capacity 5708K, committed 5760K, reserved 1048576K
}
Event: 1614.408 GC heap before
{Heap before GC invocations=38 (full 14):
 PSYoungGen      total 199680K, used 58981K [0x00000000ed700000, 0x00000000fa600000, 0x0000000100000000)
  eden space 196608K, 29% used [0x00000000ed700000,0x00000000f1099648,0x00000000f9700000)
  from space 3072K, 0% used [0x00000000f9700000,0x00000000f9700000,0x00000000f9a00000)
  to   space 7680K, 0% used [0x00000000f9e80000,0x00000000f9e80000,0x00000000fa600000)
 ParOldGen       total 49664K, used 12000K [0x00000000c8400000, 0x00000000cb480000, 0x00000000ed700000)
  object space 49664K, 24% used [0x00000000c8400000,0x00000000c8fb8090,0x00000000cb480000)
 Metaspace       used 45892K, capacity 49277K, committed 49536K, reserved 1093632K
  class space    used 5164K, capacity 5750K, committed 5760K, reserved 1048576K
Event: 1614.424 GC heap after
Heap after GC invocations=38 (full 14):
 PSYoungGen      total 204288K, used 2618K [0x00000000ed700000, 0x00000000fa600000, 0x0000000100000000)
  eden space 196608K, 0% used [0x00000000ed700000,0x00000000ed700000,0x00000000f9700000)
  from space 7680K, 34% used [0x00000000f9e80000,0x00000000fa10ea40,0x00000000fa600000)
  to   space 7680K, 0% used [0x00000000f9700000,0x00000000f9700000,0x00000000f9e80000)
 ParOldGen       total 49664K, used 12008K [0x00000000c8400000, 0x00000000cb480000, 0x00000000ed700000)
  object space 49664K, 24% used [0x00000000c8400000,0x00000000c8fba090,0x00000000cb480000)
 Metaspace       used 45892K, capacity 49277K, committed 49536K, reserved 1093632K
  class space    used 5164K, capacity 5750K, committed 5760K, reserved 1048576K
}
Event: 1614.424 GC heap before
{Heap before GC invocations=39 (full 15):
 PSYoungGen      total 204288K, used 2618K [0x00000000ed700000, 0x00000000fa600000, 0x0000000100000000)
  eden space 196608K, 0% used [0x00000000ed700000,0x00000000ed700000,0x00000000f9700000)
  from space 7680K, 34% used [0x00000000f9e80000,0x00000000fa10ea40,0x00000000fa600000)
  to   space 7680K, 0% used [0x00000000f9700000,0x00000000f9700000,0x00000000f9e80000)
 ParOldGen       total 49664K, used 12008K [0x00000000c8400000, 0x00000000cb480000, 0x00000000ed700000)
  object space 49664K, 24% used [0x00000000c8400000,0x00000000c8fba090,0x00000000cb480000)
 Metaspace       used 45892K, capacity 49277K, committed 49536K, reserved 1093632K
  class space    used 5164K, capacity 5750K, committed 5760K, reserved 1048576K
Event: 1614.559 GC heap after
Heap after GC invocations=39 (full 15):
 PSYoungGen      total 204288K, used 0K [0x00000000ed700000, 0x00000000fa600000, 0x0000000100000000)
  eden space 196608K, 0% used [0x00000000ed700000,0x00000000ed700000,0x00000000f9700000)
  from space 7680K, 0% used [0x00000000f9e80000,0x00000000f9e80000,0x00000000fa600000)
  to   space 7680K, 0% used [0x00000000f9700000,0x00000000f9700000,0x00000000f9e80000)
 ParOldGen       total 49664K, used 11843K [0x00000000c8400000, 0x00000000cb480000, 0x00000000ed700000)
  object space 49664K, 23% used [0x00000000c8400000,0x00000000c8f90c50,0x00000000cb480000)
 Metaspace       used 45889K, capacity 49271K, committed 49536K, reserved 1093632K
  class space    used 5164K, capacity 5748K, committed 5760K, reserved 1048576K
}
Event: 1854.121 GC heap before
{Heap before GC invocations=40 (full 15):
 PSYoungGen      total 204288K, used 61612K [0x00000000ed700000, 0x00000000fa600000, 0x0000000100000000)
  eden space 196608K, 31% used [0x00000000ed700000,0x00000000f132b270,0x00000000f9700000)
  from space 7680K, 0% used [0x00000000f9e80000,0x00000000f9e80000,0x00000000fa600000)
  to   space 7680K, 0% used [0x00000000f9700000,0x00000000f9700000,0x00000000f9e80000)
 ParOldGen       total 49664K, used 11843K [0x00000000c8400000, 0x00000000cb480000, 0x00000000ed700000)
  object space 49664K, 23% used [0x00000000c8400000,0x00000000c8f90c50,0x00000000cb480000)
 Metaspace       used 46093K, capacity 49613K, committed 49920K, reserved 1093632K
  class space    used 5176K, capacity 5792K, committed 5888K, reserved 1048576K
Event: 1854.131 GC heap after
Heap after GC invocations=40 (full 15):
 PSYoungGen      total 199680K, used 2618K [0x00000000ed700000, 0x00000000fa500000, 0x0000000100000000)
  eden space 196608K, 0% used [0x00000000ed700000,0x00000000ed700000,0x00000000f9700000)
  from space 3072K, 85% used [0x00000000f9700000,0x00000000f998ea40,0x00000000f9a00000)
  to   space 7168K, 0% used [0x00000000f9e00000,0x00000000f9e00000,0x00000000fa500000)
 ParOldGen       total 49664K, used 11851K [0x00000000c8400000, 0x00000000cb480000, 0x00000000ed700000)
  object space 49664K, 23% used [0x00000000c8400000,0x00000000c8f92c50,0x00000000cb480000)
 Metaspace       used 46093K, capacity 49613K, committed 49920K, reserved 1093632K
  class space    used 5176K, capacity 5792K, committed 5888K, reserved 1048576K
}
Event: 1854.131 GC heap before
{Heap before GC invocations=41 (full 16):
 PSYoungGen      total 199680K, used 2618K [0x00000000ed700000, 0x00000000fa500000, 0x0000000100000000)
  eden space 196608K, 0% used [0x00000000ed700000,0x00000000ed700000,0x00000000f9700000)
  from space 3072K, 85% used [0x00000000f9700000,0x00000000f998ea40,0x00000000f9a00000)
  to   space 7168K, 0% used [0x00000000f9e00000,0x00000000f9e00000,0x00000000fa500000)
 ParOldGen       total 49664K, used 11851K [0x00000000c8400000, 0x00000000cb480000, 0x00000000ed700000)
  object space 49664K, 23% used [0x00000000c8400000,0x00000000c8f92c50,0x00000000cb480000)
 Metaspace       used 46093K, capacity 49613K, committed 49920K, reserved 1093632K
  class space    used 5176K, capacity 5792K, committed 5888K, reserved 1048576K
Event: 1854.302 GC heap after
Heap after GC invocations=41 (full 16):
 PSYoungGen      total 199680K, used 0K [0x00000000ed700000, 0x00000000fa500000, 0x0000000100000000)
  eden space 196608K, 0% used [0x00000000ed700000,0x00000000ed700000,0x00000000f9700000)
  from space 3072K, 0% used [0x00000000f9700000,0x00000000f9700000,0x00000000f9a00000)
  to   space 7168K, 0% used [0x00000000f9e00000,0x00000000f9e00000,0x00000000fa500000)
 ParOldGen       total 49664K, used 11695K [0x00000000c8400000, 0x00000000cb480000, 0x00000000ed700000)
  object space 49664K, 23% used [0x00000000c8400000,0x00000000c8f6bf58,0x00000000cb480000)
 Metaspace       used 45514K, capacity 48749K, committed 49920K, reserved 1093632K
  class space    used 5133K, capacity 5653K, committed 5888K, reserved 1048576K
}

